Start testing: Nov 18 23:55 GMT Standard Time
----------------------------------------------------------
1/1 Testing: Scout_test
1/1 Test: Scout_test
Command: "C:/Users/USER/Desktop/Mestrado Eng Eletro/PSW/Stratego_currentcode/a03_3/build/test/Scout_test.exe"
Directory: C:/Users/USER/Desktop/Mestrado Eng Eletro/PSW/Stratego_currentcode/a03_3/build/test
"Scout_test" start time: Nov 18 23:55 GMT Standard Time
Output:
----------------------------------------------------------
Running main() from C:\Users\USER\Desktop\Mestrado Eng Eletro\PSW\Stratego_currentcode\a03_3\googletest\googletest\src\gtest_main.cc
[==========] Running 1 test from 1 test suite.
[----------] Global test environment set-up.
[----------] 1 test from ExampleTests
[ RUN      ] ExampleTests.Scout_movement
[       OK ] ExampleTests.Scout_movement (0 ms)
[----------] 1 test from ExampleTests (0 ms total)

[----------] Global test environment tear-down
[==========] 1 test from 1 test suite ran. (0 ms total)
[  PASSED  ] 1 test.
<end of output>
Test time =   0.46 sec
----------------------------------------------------------
Test Passed.
"Scout_test" end time: Nov 18 23:55 GMT Standard Time
"Scout_test" time elapsed: 00:00:00
----------------------------------------------------------

End testing: Nov 18 23:55 GMT Standard Time
