<?xml version="1.0" encoding="UTF-8"?>
<Site BuildName="(empty)"
	BuildStamp="20231119-1300-Experimental"
	Name="(empty)"
	Generator="ctest-3.28.0-rc5"
	CompilerName=""
	CompilerVersion=""
	OSName="Windows"
	Hostname="LAPTOP-5JQBRUN"
	OSRelease=" Professional"
	OSVersion=" (Build 22621)"
	OSPlatform="AMD64"
	Is64Bits="1"
	VendorString="AuthenticAMD"
	VendorID="Advanced Micro Devices"
	FamilyID="15"
	ModelID="0"
	ProcessorCacheSize="64"
	NumberOfLogicalCPU="16"
	NumberOfPhysicalCPU="8"
	TotalVirtualMemory="22444"
	TotalPhysicalMemory="15788"
	LogicalProcessorsPerPhysical="2"
	ProcessorClockFrequency="2894"
	>
	<Testing>
		<StartDateTime>Nov 19 23:34 GMT Standard Time</StartDateTime>
		<StartTestTime>1700436891</StartTestTime>
		<TestList>
			<Test>./test/alltests</Test>
		</TestList>
		<Test Status="passed">
			<Name>alltests</Name>
			<Path>./test</Path>
			<FullName>./test/alltests</FullName>
			<FullCommandLine>"C:\Users\USER\Desktop\Mestrado Eng Eletro\PSW\Stratego_currentcode\a03_3\build\test\alltests.exe"</FullCommandLine>
			<Results>
				<NamedMeasurement type="numeric/double" name="Execution Time">
					<Value>0.168512</Value>
				</NamedMeasurement>
				<NamedMeasurement type="numeric/double" name="Processors">
					<Value>1</Value>
				</NamedMeasurement>
				<NamedMeasurement type="text/string" name="Completion Status">
					<Value>Completed</Value>
				</NamedMeasurement>
				<NamedMeasurement type="text/string" name="Command Line">
					<Value>"C:\Users\USER\Desktop\Mestrado Eng Eletro\PSW\Stratego_currentcode\a03_3\build\test\alltests.exe"</Value>
				</NamedMeasurement>
				<NamedMeasurement type="text/string" name="Environment">
					<Value>#CTEST_RESOURCE_GROUP_COUNT=</Value>
				</NamedMeasurement>
				<Measurement>
					<Value encoding="base64" compression="gzip">eJyVk1FvgjAQx9/5FLc3fZAYzV6W7GGZxCyLm4GYPVhjajkJWemRtrCvvyKGgQPd7gV6/O7f/11pWCiVqgQynqrRGI6aMnh+YBuD2rBNFIRsgebTUs5WaKzmMUHg8ECi1cTW0QeLXNZiQntRaI3KCoqR8el8P2cJUeJAV9h+NVqwpHrbV5v6QnjbxyZ2EJ4d3UPFmNrS7LQAU6Tu6XvbSRM7WEo6cFkDqMpUk8qcDzBoJ0V+Ac/aqkueIZWoq5S3hXDzBqfYdb74io6SJw6o4/21H4DRFDIzviqUUel6y1MUaK4KtsFG+E+N1DRYslyOvW7RvF0UCSrs79abtG/SLJfonGA1z67dIap3CD+wJJXcEmwzN+ToYCwXLY8vquQyjWHlEnf/WA1YudTvPYn+oV47hqE/1iLXk5i+VPdGDN8E0Fz53Z1cJ+unKAoW1aTOlb73Db69Qsw=</Value>
				</Measurement>
			</Results>
		</Test>
		<EndDateTime>Nov 19 23:34 GMT Standard Time</EndDateTime>
		<EndTestTime>1700436891</EndTestTime>
		<ElapsedMinutes>0</ElapsedMinutes>
	</Testing>
</Site>
