<?xml version="1.0" encoding="UTF-8"?>
<Site BuildName="(empty)"
	BuildStamp="20231119-1300-Experimental"
	Name="(empty)"
	Generator="ctest-3.28.0-rc5"
	CompilerName=""
	CompilerVersion=""
	OSName="Windows"
	Hostname="LAPTOP-5JQBRUN"
	OSRelease=" Professional"
	OSVersion=" (Build 22621)"
	OSPlatform="AMD64"
	Is64Bits="1"
	VendorString="AuthenticAMD"
	VendorID="Advanced Micro Devices"
	FamilyID="15"
	ModelID="0"
	ProcessorCacheSize="64"
	NumberOfLogicalCPU="16"
	NumberOfPhysicalCPU="8"
	TotalVirtualMemory="22444"
	TotalPhysicalMemory="15788"
	LogicalProcessorsPerPhysical="2"
	ProcessorClockFrequency="2894"
	>
	<Testing>
		<StartDateTime>Nov 19 16:45 GMT Standard Time</StartDateTime>
		<StartTestTime>1700412339</StartTestTime>
		<TestList>
			<Test>./test/Scout_test</Test>
		</TestList>
		<Test Status="passed">
			<Name>Scout_test</Name>
			<Path>./test</Path>
			<FullName>./test/Scout_test</FullName>
			<FullCommandLine>"C:\Users\USER\Desktop\Mestrado Eng Eletro\PSW\Stratego_currentcode\a03_3\build\test\Scout_test.exe"</FullCommandLine>
			<Results>
				<NamedMeasurement type="numeric/double" name="Execution Time">
					<Value>0.0862483</Value>
				</NamedMeasurement>
				<NamedMeasurement type="numeric/double" name="Processors">
					<Value>1</Value>
				</NamedMeasurement>
				<NamedMeasurement type="text/string" name="Completion Status">
					<Value>Completed</Value>
				</NamedMeasurement>
				<NamedMeasurement type="text/string" name="Command Line">
					<Value>"C:\Users\USER\Desktop\Mestrado Eng Eletro\PSW\Stratego_currentcode\a03_3\build\test\Scout_test.exe"</Value>
				</NamedMeasurement>
				<NamedMeasurement type="text/string" name="Environment">
					<Value>#CTEST_RESOURCE_GROUP_COUNT=</Value>
				</NamedMeasurement>
				<Measurement>
					<Value encoding="base64" compression="gzip">eJyNkU1vgzAMhu/8Ch/LAdSJ26QdphXtMG2rQGgHglAaPISWxCgJ3d9fKBUrlTrmk+M8fv2VDVp3ugXFO70J4dOQgqd7Vlg0lhV5mrEd2i9HPXtF6wxvCFKPpxKdIbbPP1juow5bqsVgDGonqEHGt0mdsJao9aBPvHStEawdvXosGgsRlA+zVZCdO0pgZOzU0t3pAXboHMZBGc1WwbOkA5fTP+pjZ0gr3wZYdNHQX8EL0VzQ4MZ3UEJWvMHJqt9wbDvVS1R0xFHRU5O9v/xBwWYLyoa3JCXpdk3wklmRo4N1XKz3eM3NsuvLmVBw5LgMg//t3iE3UUPfennamycFw3W8LOQH2T/mebobBz4nxsEPt5ngJA==</Value>
				</Measurement>
			</Results>
		</Test>
		<EndDateTime>Nov 19 16:45 GMT Standard Time</EndDateTime>
		<EndTestTime>1700412339</EndTestTime>
		<ElapsedMinutes>0</ElapsedMinutes>
	</Testing>
</Site>
