<?xml version="1.0" encoding="UTF-8"?>
<Site BuildName="(empty)"
	BuildStamp="20231118-2241-Experimental"
	Name="(empty)"
	Generator="ctest-3.28.0-rc5"
	CompilerName=""
	CompilerVersion=""
	OSName="Windows"
	Hostname="LAPTOP-5JQBRUN"
	OSRelease=" Professional"
	OSVersion=" (Build 22621)"
	OSPlatform="AMD64"
	Is64Bits="1"
	VendorString="AuthenticAMD"
	VendorID="Advanced Micro Devices"
	FamilyID="15"
	ModelID="0"
	ProcessorCacheSize="64"
	NumberOfLogicalCPU="16"
	NumberOfPhysicalCPU="8"
	TotalVirtualMemory="22444"
	TotalPhysicalMemory="15788"
	LogicalProcessorsPerPhysical="2"
	ProcessorClockFrequency="2894"
	>
	<Testing>
		<StartDateTime>Nov 18 22:41 GMT Standard Time</StartDateTime>
		<StartTestTime>1700347318</StartTestTime>
		<TestList>
			<Test>./test/Scout_test</Test>
		</TestList>
		<Test Status="passed">
			<Name>Scout_test</Name>
			<Path>./test</Path>
			<FullName>./test/Scout_test</FullName>
			<FullCommandLine>"C:\Users\USER\Desktop\Mestrado Eng Eletro\PSW\Stratego_currentcode\a03_3\build\test\Scout_test.exe"</FullCommandLine>
			<Results>
				<NamedMeasurement type="numeric/double" name="Execution Time">
					<Value>0.248014</Value>
				</NamedMeasurement>
				<NamedMeasurement type="numeric/double" name="Processors">
					<Value>1</Value>
				</NamedMeasurement>
				<NamedMeasurement type="text/string" name="Completion Status">
					<Value>Completed</Value>
				</NamedMeasurement>
				<NamedMeasurement type="text/string" name="Command Line">
					<Value>"C:\Users\USER\Desktop\Mestrado Eng Eletro\PSW\Stratego_currentcode\a03_3\build\test\Scout_test.exe"</Value>
				</NamedMeasurement>
				<NamedMeasurement type="text/string" name="Environment">
					<Value>#CTEST_RESOURCE_GROUP_COUNT=</Value>
				</NamedMeasurement>
				<Measurement>
					<Value encoding="base64" compression="gzip">eJyNkMFOwzAMhu99Ch/XQ6uh3ZA4IBZxQIOpoeLQVFVIvaiijaskHTw+KZmmFQm0/2TZn+3fLiZjOqNhkJ1ZpXCwNMDDrSgdWidKzgqxRffhaRQ7dN7KloAFnPXoLYk9fxM8ZD1qatRkLRqvqEUh15tmIzSRDmBovAydVULPUTMvzZVKqruzaihOjm5gZqKjU+ymzmOeVNlZNTz29C77WEdz7CyZIbgAhz6bxl/w5Uz2JYexx9eQcEkFRfkMP6oXlZwrmoJTOuI8NoBRL0//g7Baw+DS69ZHGDx52afJdfd5lDZr6dMsv/fX18BKky/3hFP295yz7XxzZPPkG3C2rKc=</Value>
				</Measurement>
			</Results>
		</Test>
		<EndDateTime>Nov 18 22:41 GMT Standard Time</EndDateTime>
		<EndTestTime>1700347318</EndTestTime>
		<ElapsedMinutes>0</ElapsedMinutes>
	</Testing>
</Site>
