<?xml version="1.0" encoding="UTF-8"?>
<Site BuildName="(empty)"
	BuildStamp="20231120-0935-Experimental"
	Name="(empty)"
	Generator="ctest-3.28.0-rc5"
	CompilerName=""
	CompilerVersion=""
	OSName="Windows"
	Hostname="LAPTOP-5JQBRUN"
	OSRelease=" Professional"
	OSVersion=" (Build 22621)"
	OSPlatform="AMD64"
	Is64Bits="1"
	VendorString="AuthenticAMD"
	VendorID="Advanced Micro Devices"
	FamilyID="15"
	ModelID="0"
	ProcessorCacheSize="64"
	NumberOfLogicalCPU="16"
	NumberOfPhysicalCPU="8"
	TotalVirtualMemory="22444"
	TotalPhysicalMemory="15788"
	LogicalProcessorsPerPhysical="2"
	ProcessorClockFrequency="2894"
	>
	<Testing>
		<StartDateTime>Nov 20 17:32 GMT Standard Time</StartDateTime>
		<StartTestTime>1700501577</StartTestTime>
		<TestList>
			<Test>./test/alltests</Test>
		</TestList>
		<Test Status="passed">
			<Name>alltests</Name>
			<Path>./test</Path>
			<FullName>./test/alltests</FullName>
			<FullCommandLine>"C:\Users\USER\Desktop\Mestrado Eng Eletro\PSW\Stratego_currentcode\a03_3\build\test\alltests.exe"</FullCommandLine>
			<Results>
				<NamedMeasurement type="numeric/double" name="Execution Time">
					<Value>0.344478</Value>
				</NamedMeasurement>
				<NamedMeasurement type="numeric/double" name="Processors">
					<Value>1</Value>
				</NamedMeasurement>
				<NamedMeasurement type="text/string" name="Completion Status">
					<Value>Completed</Value>
				</NamedMeasurement>
				<NamedMeasurement type="text/string" name="Command Line">
					<Value>"C:\Users\USER\Desktop\Mestrado Eng Eletro\PSW\Stratego_currentcode\a03_3\build\test\alltests.exe"</Value>
				</NamedMeasurement>
				<NamedMeasurement type="text/string" name="Environment">
					<Value>#CTEST_RESOURCE_GROUP_COUNT=</Value>
				</NamedMeasurement>
				<Measurement>
					<Value encoding="base64" compression="gzip">eJydk01TwjAQhu/9FXuEgx0QvTjjRWU8OH5MkfFAGCakS8mYZjvZFPXfm1AHAUHQvTTdPvvumzSb1dZqW0AptW21YeaohOsLMWR0LIaDfiZukF89VeIe2TuZE/QD3jfoHYmnwYsYhKzHgiaqdg6tV5SjkJ3epCcKoiKAoXB9yU6JIq4msWmqVDK6XMUYsi9H3XOIEDeeessX4FqHZ5qMTlYxhltDU2kaAO1CO7JlMAKM/qSutuAN1VtZIi3QxVQygmz4AMsYb3xJLV2ZGmdGFgFq4vFuPwStDpTc/lUww/yg3hdzpFzsXtIiHF2lUSEfkt7mj2nzpx7/aRB8/WUPO+WP+tsNDZ68NO3kl6KBotr/vB+rdMq6rEzcKMZLt+l4H7XzKL5hQ7Y4JLjOHJCjKXupdntM0zAfz3PNUEnngWbg59iMUiivag9vksEta3NgbRWCDmP2rhBzbuC5Q56TyWN1t3N6BtOPOKTj5BO26W05====</Value>
				</Measurement>
			</Results>
		</Test>
		<EndDateTime>Nov 20 17:32 GMT Standard Time</EndDateTime>
		<EndTestTime>1700501577</EndTestTime>
		<ElapsedMinutes>0</ElapsedMinutes>
	</Testing>
</Site>
