<?xml version="1.0" encoding="UTF-8"?>
<Site BuildName="(empty)"
	BuildStamp="20231118-2146-Experimental"
	Name="(empty)"
	Generator="ctest-3.28.0-rc5"
	CompilerName=""
	CompilerVersion=""
	OSName="Windows"
	Hostname="LAPTOP-5JQBRUN"
	OSRelease=" Professional"
	OSVersion=" (Build 22621)"
	OSPlatform="AMD64"
	Is64Bits="1"
	VendorString="AuthenticAMD"
	VendorID="Advanced Micro Devices"
	FamilyID="15"
	ModelID="0"
	ProcessorCacheSize="64"
	NumberOfLogicalCPU="16"
	NumberOfPhysicalCPU="8"
	TotalVirtualMemory="22444"
	TotalPhysicalMemory="15788"
	LogicalProcessorsPerPhysical="2"
	ProcessorClockFrequency="2894"
	>
	<Testing>
		<StartDateTime>Nov 18 22:04 GMT Standard Time</StartDateTime>
		<StartTestTime>1700345073</StartTestTime>
		<TestList>
			<Test>./test/Scout_test</Test>
		</TestList>
		<Test Status="passed">
			<Name>Scout_test</Name>
			<Path>./test</Path>
			<FullName>./test/Scout_test</FullName>
			<FullCommandLine>"C:\Users\USER\Desktop\Mestrado Eng Eletro\PSW\Stratego_currentcode\a03_3\build\test\Scout_test.exe"</FullCommandLine>
			<Results>
				<NamedMeasurement type="numeric/double" name="Execution Time">
					<Value>0.0135272</Value>
				</NamedMeasurement>
				<NamedMeasurement type="numeric/double" name="Processors">
					<Value>1</Value>
				</NamedMeasurement>
				<NamedMeasurement type="text/string" name="Completion Status">
					<Value>Completed</Value>
				</NamedMeasurement>
				<NamedMeasurement type="text/string" name="Command Line">
					<Value>"C:\Users\USER\Desktop\Mestrado Eng Eletro\PSW\Stratego_currentcode\a03_3\build\test\Scout_test.exe"</Value>
				</NamedMeasurement>
				<NamedMeasurement type="text/string" name="Environment">
					<Value>#CTEST_RESOURCE_GROUP_COUNT=</Value>
				</NamedMeasurement>
				<Measurement>
					<Value encoding="base64" compression="gzip">eJyNkMFqwzAMhu95Ch2bQ0JHb4MdxmrKKNtCvLBDHILnqCEssYLtdHv8OXMpzWCj/0lIn6RfyietO93CIDu9iuFgaICHW1FYNFYUnOVii/bD0Sie0DojGwLmcdajMyQy/ia4zzpsqVaTMaidogaFXG/qjchyVu+KR9EStb7BD7gMrVGinaN6Xp4qFZV3Z1WQn5zdwMwEZ6fYTp3DNCqTsyrY9fQu+1BHfewM6cG7AYsumcZf8OVM9iWHscdXn7BRCXnxDD+qFpWUK5q8UzriPNaDQS/7/0FYrWGw8XXrAwyOnOzj6Lr7HEqTNPSpl9/762tgpE6Xe/wp2T3nbDvfHNg0+gbYFq8u====</Value>
				</Measurement>
			</Results>
		</Test>
		<EndDateTime>Nov 18 22:04 GMT Standard Time</EndDateTime>
		<EndTestTime>1700345074</EndTestTime>
		<ElapsedMinutes>0</ElapsedMinutes>
	</Testing>
</Site>
