<?xml version="1.0" encoding="UTF-8"?>
<Site BuildName="(empty)"
	BuildStamp="20231122-0906-Experimental"
	Name="(empty)"
	Generator="ctest-3.28.0-rc5"
	CompilerName=""
	CompilerVersion=""
	OSName="Windows"
	Hostname="LAPTOP-5JQBRUN"
	OSRelease=" Professional"
	OSVersion=" (Build 22621)"
	OSPlatform="AMD64"
	Is64Bits="1"
	VendorString="AuthenticAMD"
	VendorID="Advanced Micro Devices"
	FamilyID="15"
	ModelID="0"
	ProcessorCacheSize="64"
	NumberOfLogicalCPU="16"
	NumberOfPhysicalCPU="8"
	TotalVirtualMemory="22700"
	TotalPhysicalMemory="15788"
	LogicalProcessorsPerPhysical="2"
	ProcessorClockFrequency="2894"
	>
	<Testing>
		<StartDateTime>Nov 22 09:35 GMT Standard Time</StartDateTime>
		<StartTestTime>1700645721</StartTestTime>
		<TestList>
			<Test>./test/alltests</Test>
		</TestList>
		<Test Status="passed">
			<Name>alltests</Name>
			<Path>./test</Path>
			<FullName>./test/alltests</FullName>
			<FullCommandLine>"C:\Users\USER\Desktop\Mestrado Eng Eletro\PSW\Stratego_currentcode\a03_3\build\test\alltests.exe"</FullCommandLine>
			<Results>
				<NamedMeasurement type="numeric/double" name="Execution Time">
					<Value>0.270833</Value>
				</NamedMeasurement>
				<NamedMeasurement type="numeric/double" name="Processors">
					<Value>1</Value>
				</NamedMeasurement>
				<NamedMeasurement type="text/string" name="Completion Status">
					<Value>Completed</Value>
				</NamedMeasurement>
				<NamedMeasurement type="text/string" name="Command Line">
					<Value>"C:\Users\USER\Desktop\Mestrado Eng Eletro\PSW\Stratego_currentcode\a03_3\build\test\alltests.exe"</Value>
				</NamedMeasurement>
				<NamedMeasurement type="text/string" name="Environment">
					<Value>#CTEST_RESOURCE_GROUP_COUNT=</Value>
				</NamedMeasurement>
				<Measurement>
					<Value encoding="base64" compression="gzip">eJydk01TwjAQhu/9FXuEAx1EvDjjRWU4OH5MkfFAGCakS8mYZjvZFPXfm1AGwUFB99J0++y7b9JsVlurbQGl1LbVhoWjEm4uxZjRsRiPBpm4RX71VIl7ZO9kTjAI+MCgdySeRi9iFLIeC5qp2jm0XlGOQnbPZ+eiICoCGAp3l+yUKOJqFpumSiWTq21MIds46nUhQtx46q9fgGsdnmky6WxjCkNDc2kaAO1KO7JlMAKMvlNX3+CLXdWhLJFW6GIqmUA2foB1TPe+pJauTY0LI4sANfF49zMErS6U3P5VMMP8qN6GOVEudi9pFY6u0qiQj0l/509p86ce/2kQfP1lDwflT/rbDQ2evDTt5Jeie20P3Y9tOmVdViZuFOOl23f8E3XwKL5gQ7Y4JrjLHJGjOXupDntM0zAfz0vNUEnngRbgl9iMEtW+qj28SQa3rs2BtVUIOozZu0LMuYGXDnlJJo/VZ91eH+YfcUinySdGdmzE====</Value>
				</Measurement>
			</Results>
		</Test>
		<EndDateTime>Nov 22 09:35 GMT Standard Time</EndDateTime>
		<EndTestTime>1700645722</EndTestTime>
		<ElapsedMinutes>0</ElapsedMinutes>
	</Testing>
</Site>
